TRACE::2023-12-07.05:52:23::SCWPlatform::Trying to open the hw design at C:/Users/shivg/Desktop/ece385/final_project/vitis_workspace/top_level_1/hw/top_level.xsa
TRACE::2023-12-07.05:52:23::SCWPlatform::DSA given C:/Users/shivg/Desktop/ece385/final_project/vitis_workspace/top_level_1/hw/top_level.xsa
TRACE::2023-12-07.05:52:23::SCWPlatform::DSA absoulate path C:/Users/shivg/Desktop/ece385/final_project/vitis_workspace/top_level_1/hw/top_level.xsa
TRACE::2023-12-07.05:52:23::SCWPlatform::DSA directory C:/Users/shivg/Desktop/ece385/final_project/vitis_workspace/top_level_1/hw
TRACE::2023-12-07.05:52:23::SCWPlatform:: Platform Path C:/Users/shivg/Desktop/ece385/final_project/vitis_workspace/top_level_1/hw/top_level.xsa
TRACE::2023-12-07.05:52:23::SCWPlatform:: Unique name xilinx:::0.0
TRACE::2023-12-07.05:52:23::SCWPlatform::Do not have an existing db opened. 
TRACE::2023-12-07.05:52:24::SCWPlatform::Opened new HwDB with name top_level_1
TRACE::2023-12-07.05:52:24::SCWWriter::formatted JSON is {
	"platformName":	"top_level_1",
	"sprVersion":	"2.0",
	"mode":	"gui",
	"dsaType":	"Fixed",
	"platformDesc":	"top_level_1",
	"platHandOff":	"C:/Users/shivg/Desktop/ece385/final_project/top_level.xsa",
	"platIntHandOff":	"<platformDir>/hw/top_level.xsa",
	"deviceType":	"FPGA",
	"platIsPrebuiltAutogen":	"false",
	"platIsNoBootBsp":	"false",
	"hasFsblMakeHasChanges":	"false",
	"hasPmufwMakeHasChanges":	"false",
	"platPreBuiltFlag":	false,
	"platformSamplesDir":	""
}
TRACE::2023-12-07.05:52:24::SCWWriter::formatted JSON is {
	"platformName":	"top_level_1",
	"sprVersion":	"2.0",
	"mode":	"gui",
	"dsaType":	"Fixed",
	"platformDesc":	"top_level_1",
	"platHandOff":	"C:/Users/shivg/Desktop/ece385/final_project/top_level.xsa",
	"platIntHandOff":	"<platformDir>/hw/top_level.xsa",
	"deviceType":	"FPGA",
	"platIsPrebuiltAutogen":	"false",
	"platIsNoBootBsp":	"false",
	"hasFsblMakeHasChanges":	"false",
	"hasPmufwMakeHasChanges":	"false",
	"platPreBuiltFlag":	false,
	"platformSamplesDir":	"",
	"platActiveSys":	"top_level_1",
	"systems":	[{
			"systemName":	"top_level_1",
			"systemDesc":	"top_level_1",
			"sysIsBootAutoGen":	"true",
			"systemDispName":	"top_level_1"
		}]
}
TRACE::2023-12-07.05:52:24::SCWPlatform::Boot application domains not present, creating them
TRACE::2023-12-07.05:52:24::SCWPlatform::Pure FPGA device, no boot application will be created.
TRACE::2023-12-07.05:52:24::SCWWriter::formatted JSON is {
	"platformName":	"top_level_1",
	"sprVersion":	"2.0",
	"mode":	"gui",
	"dsaType":	"Fixed",
	"platformDesc":	"top_level_1",
	"platHandOff":	"C:/Users/shivg/Desktop/ece385/final_project/top_level.xsa",
	"platIntHandOff":	"<platformDir>/hw/top_level.xsa",
	"deviceType":	"FPGA",
	"platIsPrebuiltAutogen":	"false",
	"platIsNoBootBsp":	"false",
	"hasFsblMakeHasChanges":	"false",
	"hasPmufwMakeHasChanges":	"false",
	"platPreBuiltFlag":	false,
	"platformSamplesDir":	"",
	"platActiveSys":	"top_level_1",
	"systems":	[{
			"systemName":	"top_level_1",
			"systemDesc":	"top_level_1",
			"sysIsBootAutoGen":	"true",
			"systemDispName":	"top_level_1"
		}]
}
TRACE::2023-12-07.05:52:24::SCWWriter::formatted JSON is {
	"platformName":	"top_level_1",
	"sprVersion":	"2.0",
	"mode":	"gui",
	"dsaType":	"Fixed",
	"platformDesc":	"top_level_1",
	"platHandOff":	"C:/Users/shivg/Desktop/ece385/final_project/top_level.xsa",
	"platIntHandOff":	"<platformDir>/hw/top_level.xsa",
	"deviceType":	"FPGA",
	"platIsPrebuiltAutogen":	"false",
	"platIsNoBootBsp":	"false",
	"hasFsblMakeHasChanges":	"false",
	"hasPmufwMakeHasChanges":	"false",
	"platPreBuiltFlag":	false,
	"platformSamplesDir":	"",
	"platActiveSys":	"top_level_1",
	"systems":	[{
			"systemName":	"top_level_1",
			"systemDesc":	"top_level_1",
			"sysIsBootAutoGen":	"true",
			"systemDispName":	"top_level_1"
		}]
}
TRACE::2023-12-07.05:52:24::SCWPlatform::Trying to open the hw design at C:/Users/shivg/Desktop/ece385/final_project/vitis_workspace/top_level_1/hw/top_level.xsa
TRACE::2023-12-07.05:52:24::SCWPlatform::DSA given C:/Users/shivg/Desktop/ece385/final_project/vitis_workspace/top_level_1/hw/top_level.xsa
TRACE::2023-12-07.05:52:24::SCWPlatform::DSA absoulate path C:/Users/shivg/Desktop/ece385/final_project/vitis_workspace/top_level_1/hw/top_level.xsa
TRACE::2023-12-07.05:52:24::SCWPlatform::DSA directory C:/Users/shivg/Desktop/ece385/final_project/vitis_workspace/top_level_1/hw
TRACE::2023-12-07.05:52:24::SCWPlatform:: Platform Path C:/Users/shivg/Desktop/ece385/final_project/vitis_workspace/top_level_1/hw/top_level.xsa
TRACE::2023-12-07.05:52:24::SCWPlatform:: Unique name xilinx:::0.0
TRACE::2023-12-07.05:52:24::SCWPlatform::Trying to set the existing hwdb with name top_level_1
TRACE::2023-12-07.05:52:24::SCWPlatform::Opened existing hwdb top_level_1
TRACE::2023-12-07.05:52:24::SCWPlatform::Found the Hw Db part of the input DSA
TRACE::2023-12-07.05:52:24::SCWPlatform::Trying to open the hw design at C:/Users/shivg/Desktop/ece385/final_project/vitis_workspace/top_level_1/hw/top_level.xsa
TRACE::2023-12-07.05:52:24::SCWPlatform::DSA given C:/Users/shivg/Desktop/ece385/final_project/vitis_workspace/top_level_1/hw/top_level.xsa
TRACE::2023-12-07.05:52:24::SCWPlatform::DSA absoulate path C:/Users/shivg/Desktop/ece385/final_project/vitis_workspace/top_level_1/hw/top_level.xsa
TRACE::2023-12-07.05:52:24::SCWPlatform::DSA directory C:/Users/shivg/Desktop/ece385/final_project/vitis_workspace/top_level_1/hw
TRACE::2023-12-07.05:52:24::SCWPlatform:: Platform Path C:/Users/shivg/Desktop/ece385/final_project/vitis_workspace/top_level_1/hw/top_level.xsa
TRACE::2023-12-07.05:52:24::SCWPlatform:: Unique name xilinx:::0.0
TRACE::2023-12-07.05:52:24::SCWPlatform::Trying to set the existing hwdb with name top_level_1
TRACE::2023-12-07.05:52:24::SCWPlatform::Opened existing hwdb top_level_1
TRACE::2023-12-07.05:52:24::SCWPlatform::Found the Hw Db part of the input DSA
TRACE::2023-12-07.05:52:24::SCWDomain::checking for install qemu data   : 
TRACE::2023-12-07.05:52:24::SCWPlatform::Trying to open the hw design at C:/Users/shivg/Desktop/ece385/final_project/vitis_workspace/top_level_1/hw/top_level.xsa
TRACE::2023-12-07.05:52:24::SCWPlatform::DSA given C:/Users/shivg/Desktop/ece385/final_project/vitis_workspace/top_level_1/hw/top_level.xsa
TRACE::2023-12-07.05:52:24::SCWPlatform::DSA absoulate path C:/Users/shivg/Desktop/ece385/final_project/vitis_workspace/top_level_1/hw/top_level.xsa
TRACE::2023-12-07.05:52:24::SCWPlatform::DSA directory C:/Users/shivg/Desktop/ece385/final_project/vitis_workspace/top_level_1/hw
TRACE::2023-12-07.05:52:24::SCWPlatform:: Platform Path C:/Users/shivg/Desktop/ece385/final_project/vitis_workspace/top_level_1/hw/top_level.xsa
TRACE::2023-12-07.05:52:24::SCWPlatform:: Unique name xilinx:::0.0
TRACE::2023-12-07.05:52:24::SCWPlatform::Trying to set the existing hwdb with name top_level_1
TRACE::2023-12-07.05:52:24::SCWPlatform::Opened existing hwdb top_level_1
TRACE::2023-12-07.05:52:24::SCWPlatform::Found the Hw Db part of the input DSA
TRACE::2023-12-07.05:52:24::SCWPlatform::Trying to open the hw design at C:/Users/shivg/Desktop/ece385/final_project/vitis_workspace/top_level_1/hw/top_level.xsa
TRACE::2023-12-07.05:52:24::SCWPlatform::DSA given C:/Users/shivg/Desktop/ece385/final_project/vitis_workspace/top_level_1/hw/top_level.xsa
TRACE::2023-12-07.05:52:24::SCWPlatform::DSA absoulate path C:/Users/shivg/Desktop/ece385/final_project/vitis_workspace/top_level_1/hw/top_level.xsa
TRACE::2023-12-07.05:52:24::SCWPlatform::DSA directory C:/Users/shivg/Desktop/ece385/final_project/vitis_workspace/top_level_1/hw
TRACE::2023-12-07.05:52:24::SCWPlatform:: Platform Path C:/Users/shivg/Desktop/ece385/final_project/vitis_workspace/top_level_1/hw/top_level.xsa
TRACE::2023-12-07.05:52:24::SCWPlatform:: Unique name xilinx:::0.0
TRACE::2023-12-07.05:52:24::SCWPlatform::Trying to set the existing hwdb with name top_level_1
TRACE::2023-12-07.05:52:24::SCWPlatform::Opened existing hwdb top_level_1
TRACE::2023-12-07.05:52:24::SCWPlatform::Found the Hw Db part of the input DSA
TRACE::2023-12-07.05:52:24::SCWPlatform::Trying to open the hw design at C:/Users/shivg/Desktop/ece385/final_project/vitis_workspace/top_level_1/hw/top_level.xsa
TRACE::2023-12-07.05:52:24::SCWPlatform::DSA given C:/Users/shivg/Desktop/ece385/final_project/vitis_workspace/top_level_1/hw/top_level.xsa
TRACE::2023-12-07.05:52:24::SCWPlatform::DSA absoulate path C:/Users/shivg/Desktop/ece385/final_project/vitis_workspace/top_level_1/hw/top_level.xsa
TRACE::2023-12-07.05:52:24::SCWPlatform::DSA directory C:/Users/shivg/Desktop/ece385/final_project/vitis_workspace/top_level_1/hw
TRACE::2023-12-07.05:52:24::SCWPlatform:: Platform Path C:/Users/shivg/Desktop/ece385/final_project/vitis_workspace/top_level_1/hw/top_level.xsa
TRACE::2023-12-07.05:52:24::SCWPlatform:: Unique name xilinx:::0.0
TRACE::2023-12-07.05:52:24::SCWPlatform::Trying to set the existing hwdb with name top_level_1
TRACE::2023-12-07.05:52:24::SCWPlatform::Opened existing hwdb top_level_1
TRACE::2023-12-07.05:52:24::SCWPlatform::Found the Hw Db part of the input DSA
TRACE::2023-12-07.05:52:24::SCWMssOS::Checking the sw design at  C:/Users/shivg/Desktop/ece385/final_project/vitis_workspace/top_level_1/microblaze_0/standalone_microblaze_0/bsp/system.mss
TRACE::2023-12-07.05:52:24::SCWMssOS::DEBUG:  swdes dump  C:/Users/shivg/Desktop/ece385/final_project/vitis_workspace/top_level/microblaze_0/standalone_microblaze_0/bsp/system.mss|system||

TRACE::2023-12-07.05:52:24::SCWMssOS::No sw design opened at  C:/Users/shivg/Desktop/ece385/final_project/vitis_workspace/top_level_1/microblaze_0/standalone_microblaze_0/bsp/system.mss
TRACE::2023-12-07.05:52:24::SCWMssOS::mss does not exists at C:/Users/shivg/Desktop/ece385/final_project/vitis_workspace/top_level_1/microblaze_0/standalone_microblaze_0/bsp/system.mss
TRACE::2023-12-07.05:52:24::SCWMssOS::Creating sw design at  C:/Users/shivg/Desktop/ece385/final_project/vitis_workspace/top_level_1/microblaze_0/standalone_microblaze_0/bsp/system.mss
TRACE::2023-12-07.05:52:24::SCWMssOS::Adding the swdes entry, created swdb C:/Users/shivg/Desktop/ece385/final_project/vitis_workspace/top_level_1/microblaze_0/standalone_microblaze_0/bsp/system.mss with des name C:/Users/shivg/Desktop/ece385/final_project/vitis_workspace/top_level_1/microblaze_0/standalone_microblaze_0/bsp/system.mss
TRACE::2023-12-07.05:52:24::SCWMssOS::updating the scw layer changes to swdes at   C:/Users/shivg/Desktop/ece385/final_project/vitis_workspace/top_level_1/microblaze_0/standalone_microblaze_0/bsp/system.mss
TRACE::2023-12-07.05:52:24::SCWMssOS::Writing mss at C:/Users/shivg/Desktop/ece385/final_project/vitis_workspace/top_level_1/microblaze_0/standalone_microblaze_0/bsp/system.mss
TRACE::2023-12-07.05:52:24::SCWMssOS::Completed writing the mss file at C:/Users/shivg/Desktop/ece385/final_project/vitis_workspace/top_level_1/microblaze_0/standalone_microblaze_0/bsp
TRACE::2023-12-07.05:52:24::SCWMssOS::Picking up changes from newly written mss file into SCW Layer. 
TRACE::2023-12-07.05:52:24::SCWMssOS::Updated the changes from newly written mss file into SCW Layer. 
TRACE::2023-12-07.05:52:24::SCWMssOS::Completed writing the mss file at C:/Users/shivg/Desktop/ece385/final_project/vitis_workspace/top_level_1/microblaze_0/standalone_microblaze_0/bsp
TRACE::2023-12-07.05:52:24::SCWMssOS::Forcing BSP Sources regeneration.
TRACE::2023-12-07.05:52:26::SCWMssOS::Saving the mss changes C:/Users/shivg/Desktop/ece385/final_project/vitis_workspace/top_level_1/microblaze_0/standalone_microblaze_0/bsp/system.mss
TRACE::2023-12-07.05:52:26::SCWMssOS::Adding the swdes entry, mss present, able to open swdb C:/Users/shivg/Desktop/ece385/final_project/vitis_workspace/top_level_1/microblaze_0/standalone_microblaze_0/bsp/system.mss with des name system_0
TRACE::2023-12-07.05:52:26::SCWMssOS::Writing the mss file completed C:/Users/shivg/Desktop/ece385/final_project/vitis_workspace/top_level_1/microblaze_0/standalone_microblaze_0/bsp/system.mss
TRACE::2023-12-07.05:52:26::SCWMssOS::Commit changes completed.
TRACE::2023-12-07.05:52:26::SCWPlatform::Trying to open the hw design at C:/Users/shivg/Desktop/ece385/final_project/vitis_workspace/top_level_1/hw/top_level.xsa
TRACE::2023-12-07.05:52:26::SCWPlatform::DSA given C:/Users/shivg/Desktop/ece385/final_project/vitis_workspace/top_level_1/hw/top_level.xsa
TRACE::2023-12-07.05:52:26::SCWPlatform::DSA absoulate path C:/Users/shivg/Desktop/ece385/final_project/vitis_workspace/top_level_1/hw/top_level.xsa
TRACE::2023-12-07.05:52:26::SCWPlatform::DSA directory C:/Users/shivg/Desktop/ece385/final_project/vitis_workspace/top_level_1/hw
TRACE::2023-12-07.05:52:26::SCWPlatform:: Platform Path C:/Users/shivg/Desktop/ece385/final_project/vitis_workspace/top_level_1/hw/top_level.xsa
TRACE::2023-12-07.05:52:26::SCWPlatform:: Unique name xilinx:::0.0
TRACE::2023-12-07.05:52:26::SCWPlatform::Trying to set the existing hwdb with name top_level_1
TRACE::2023-12-07.05:52:26::SCWPlatform::Opened existing hwdb top_level_1
TRACE::2023-12-07.05:52:26::SCWPlatform::Found the Hw Db part of the input DSA
TRACE::2023-12-07.05:52:26::SCWMssOS::Checking the sw design at  C:/Users/shivg/Desktop/ece385/final_project/vitis_workspace/top_level_1/microblaze_0/standalone_microblaze_0/bsp/system.mss
TRACE::2023-12-07.05:52:26::SCWMssOS::DEBUG:  swdes dump  C:/Users/shivg/Desktop/ece385/final_project/vitis_workspace/top_level/microblaze_0/standalone_microblaze_0/bsp/system.mss|system||
C:/Users/shivg/Desktop/ece385/final_project/vitis_workspace/top_level_1/microblaze_0/standalone_microblaze_0/bsp/system.mss|system_0||

TRACE::2023-12-07.05:52:26::SCWMssOS::Sw design exists and opened at  C:/Users/shivg/Desktop/ece385/final_project/vitis_workspace/top_level_1/microblaze_0/standalone_microblaze_0/bsp/system.mss
TRACE::2023-12-07.05:52:26::SCWPlatform::Trying to open the hw design at C:/Users/shivg/Desktop/ece385/final_project/vitis_workspace/top_level_1/hw/top_level.xsa
TRACE::2023-12-07.05:52:26::SCWPlatform::DSA given C:/Users/shivg/Desktop/ece385/final_project/vitis_workspace/top_level_1/hw/top_level.xsa
TRACE::2023-12-07.05:52:26::SCWPlatform::DSA absoulate path C:/Users/shivg/Desktop/ece385/final_project/vitis_workspace/top_level_1/hw/top_level.xsa
TRACE::2023-12-07.05:52:26::SCWPlatform::DSA directory C:/Users/shivg/Desktop/ece385/final_project/vitis_workspace/top_level_1/hw
TRACE::2023-12-07.05:52:26::SCWPlatform:: Platform Path C:/Users/shivg/Desktop/ece385/final_project/vitis_workspace/top_level_1/hw/top_level.xsa
TRACE::2023-12-07.05:52:26::SCWPlatform:: Unique name xilinx:::0.0
TRACE::2023-12-07.05:52:26::SCWPlatform::Trying to set the existing hwdb with name top_level_1
TRACE::2023-12-07.05:52:26::SCWPlatform::Opened existing hwdb top_level_1
TRACE::2023-12-07.05:52:26::SCWPlatform::Found the Hw Db part of the input DSA
TRACE::2023-12-07.05:52:26::SCWMssOS::Checking the sw design at  C:/Users/shivg/Desktop/ece385/final_project/vitis_workspace/top_level_1/microblaze_0/standalone_microblaze_0/bsp/system.mss
TRACE::2023-12-07.05:52:26::SCWMssOS::DEBUG:  swdes dump  C:/Users/shivg/Desktop/ece385/final_project/vitis_workspace/top_level/microblaze_0/standalone_microblaze_0/bsp/system.mss|system||
C:/Users/shivg/Desktop/ece385/final_project/vitis_workspace/top_level_1/microblaze_0/standalone_microblaze_0/bsp/system.mss|system_0||

TRACE::2023-12-07.05:52:26::SCWMssOS::Sw design exists and opened at  C:/Users/shivg/Desktop/ece385/final_project/vitis_workspace/top_level_1/microblaze_0/standalone_microblaze_0/bsp/system.mss
TRACE::2023-12-07.05:52:26::SCWPlatform::Trying to open the hw design at C:/Users/shivg/Desktop/ece385/final_project/vitis_workspace/top_level_1/hw/top_level.xsa
TRACE::2023-12-07.05:52:26::SCWPlatform::DSA given C:/Users/shivg/Desktop/ece385/final_project/vitis_workspace/top_level_1/hw/top_level.xsa
TRACE::2023-12-07.05:52:26::SCWPlatform::DSA absoulate path C:/Users/shivg/Desktop/ece385/final_project/vitis_workspace/top_level_1/hw/top_level.xsa
TRACE::2023-12-07.05:52:26::SCWPlatform::DSA directory C:/Users/shivg/Desktop/ece385/final_project/vitis_workspace/top_level_1/hw
TRACE::2023-12-07.05:52:26::SCWPlatform:: Platform Path C:/Users/shivg/Desktop/ece385/final_project/vitis_workspace/top_level_1/hw/top_level.xsa
TRACE::2023-12-07.05:52:26::SCWPlatform:: Unique name xilinx:::0.0
TRACE::2023-12-07.05:52:26::SCWPlatform::Trying to set the existing hwdb with name top_level_1
TRACE::2023-12-07.05:52:26::SCWPlatform::Opened existing hwdb top_level_1
TRACE::2023-12-07.05:52:26::SCWPlatform::Found the Hw Db part of the input DSA
TRACE::2023-12-07.05:52:26::SCWMssOS::Checking the sw design at  C:/Users/shivg/Desktop/ece385/final_project/vitis_workspace/top_level_1/microblaze_0/standalone_microblaze_0/bsp/system.mss
TRACE::2023-12-07.05:52:26::SCWMssOS::DEBUG:  swdes dump  C:/Users/shivg/Desktop/ece385/final_project/vitis_workspace/top_level/microblaze_0/standalone_microblaze_0/bsp/system.mss|system||
C:/Users/shivg/Desktop/ece385/final_project/vitis_workspace/top_level_1/microblaze_0/standalone_microblaze_0/bsp/system.mss|system_0||

TRACE::2023-12-07.05:52:26::SCWMssOS::Sw design exists and opened at  C:/Users/shivg/Desktop/ece385/final_project/vitis_workspace/top_level_1/microblaze_0/standalone_microblaze_0/bsp/system.mss
TRACE::2023-12-07.05:52:26::SCWWriter::formatted JSON is {
	"platformName":	"top_level_1",
	"sprVersion":	"2.0",
	"mode":	"gui",
	"dsaType":	"Fixed",
	"platformDesc":	"top_level_1",
	"platHandOff":	"C:/Users/shivg/Desktop/ece385/final_project/top_level.xsa",
	"platIntHandOff":	"<platformDir>/hw/top_level.xsa",
	"deviceType":	"FPGA",
	"platIsPrebuiltAutogen":	"false",
	"platIsNoBootBsp":	"false",
	"hasFsblMakeHasChanges":	"false",
	"hasPmufwMakeHasChanges":	"false",
	"platPreBuiltFlag":	false,
	"platformSamplesDir":	"",
	"platActiveSys":	"top_level_1",
	"systems":	[{
			"systemName":	"top_level_1",
			"systemDesc":	"top_level_1",
			"sysIsBootAutoGen":	"true",
			"systemDispName":	"top_level_1",
			"sysActiveDom":	"standalone_microblaze_0",
			"sysDefaultDom":	"standalone_microblaze_0",
			"domains":	[{
					"domainName":	"standalone_microblaze_0",
					"domainDispName":	"standalone_microblaze_0",
					"domainDesc":	"standalone_microblaze_0",
					"processors":	"microblaze_0",
					"os":	"standalone",
					"sdxOs":	"standalone",
					"debugEnable":	"False",
					"domRuntimes":	["cpp"],
					"swRepo":	"",
					"mssOsVer":	"8.0",
					"mssFile":	"",
					"md5Digest":	"3752c3e4b20231efec617e97b5e12cc4",
					"compatibleApp":	"hello_world",
					"domType":	"mssDomain",
					"arch":	"32-bit",
					"appSettings":	{
						"appCompilerFlags":	"",
						"appLinkerFlags":	""
					},
					"addedLibs":	[],
					"libOptions":	{
						"libsContainingOptions":	[]
					},
					"prebuiltLibs":	{
						"prebuiltIncPath":	[],
						"prebuiltLibPath":	[]
					},
					"isolation":	{
					}
				}]
		}]
}
LOG::2023-12-07.05:52:26::SCWPlatform::Started generating the artifacts platform top_level_1
TRACE::2023-12-07.05:52:26::SCWPlatform::Sanity checking of platform is completed
LOG::2023-12-07.05:52:26::SCWPlatform::Started generating the artifacts for system configuration top_level_1
LOG::2023-12-07.05:52:26::SCWSystem::Checking the domain standalone_microblaze_0
LOG::2023-12-07.05:52:26::SCWSystem::Not a boot domain 
LOG::2023-12-07.05:52:26::SCWSystem::Started Processing the domain standalone_microblaze_0
TRACE::2023-12-07.05:52:26::SCWDomain::Generating domain artifcats
TRACE::2023-12-07.05:52:26::SCWMssOS::Generating standalone artifcats
TRACE::2023-12-07.05:52:26::SCWMssOS:: Copying the user libraries. 
TRACE::2023-12-07.05:52:26::SCWPlatform::Trying to open the hw design at C:/Users/shivg/Desktop/ece385/final_project/vitis_workspace/top_level_1/hw/top_level.xsa
TRACE::2023-12-07.05:52:26::SCWPlatform::DSA given C:/Users/shivg/Desktop/ece385/final_project/vitis_workspace/top_level_1/hw/top_level.xsa
TRACE::2023-12-07.05:52:26::SCWPlatform::DSA absoulate path C:/Users/shivg/Desktop/ece385/final_project/vitis_workspace/top_level_1/hw/top_level.xsa
TRACE::2023-12-07.05:52:26::SCWPlatform::DSA directory C:/Users/shivg/Desktop/ece385/final_project/vitis_workspace/top_level_1/hw
TRACE::2023-12-07.05:52:26::SCWPlatform:: Platform Path C:/Users/shivg/Desktop/ece385/final_project/vitis_workspace/top_level_1/hw/top_level.xsa
TRACE::2023-12-07.05:52:26::SCWPlatform:: Unique name xilinx:::0.0
TRACE::2023-12-07.05:52:26::SCWPlatform::Trying to set the existing hwdb with name top_level_1
TRACE::2023-12-07.05:52:26::SCWPlatform::Opened existing hwdb top_level_1
TRACE::2023-12-07.05:52:26::SCWPlatform::Found the Hw Db part of the input DSA
TRACE::2023-12-07.05:52:26::SCWMssOS::Checking the sw design at  C:/Users/shivg/Desktop/ece385/final_project/vitis_workspace/top_level_1/microblaze_0/standalone_microblaze_0/bsp/system.mss
TRACE::2023-12-07.05:52:26::SCWMssOS::DEBUG:  swdes dump  C:/Users/shivg/Desktop/ece385/final_project/vitis_workspace/top_level/microblaze_0/standalone_microblaze_0/bsp/system.mss|system||
C:/Users/shivg/Desktop/ece385/final_project/vitis_workspace/top_level_1/microblaze_0/standalone_microblaze_0/bsp/system.mss|system_0||

TRACE::2023-12-07.05:52:26::SCWMssOS::Sw design exists and opened at  C:/Users/shivg/Desktop/ece385/final_project/vitis_workspace/top_level_1/microblaze_0/standalone_microblaze_0/bsp/system.mss
TRACE::2023-12-07.05:52:26::SCWMssOS::Completed writing the mss file at C:/Users/shivg/Desktop/ece385/final_project/vitis_workspace/top_level_1/microblaze_0/standalone_microblaze_0/bsp
TRACE::2023-12-07.05:52:26::SCWMssOS::Mss edits present, copying mssfile into export location C:/Users/shivg/Desktop/ece385/final_project/vitis_workspace/top_level_1/microblaze_0/standalone_microblaze_0/bsp/system.mss
TRACE::2023-12-07.05:52:26::SCWMssOS::bsp generated is upto date with the mss file. Skipping bsp generation.
TRACE::2023-12-07.05:52:26::SCWMssOS::BSP is already built. skipping the bsp build ... 
TRACE::2023-12-07.05:52:26::SCWDomain::Skipping the build for domain :  standalone_microblaze_0
TRACE::2023-12-07.05:52:26::SCWMssOS::skipping the bsp build ... 
TRACE::2023-12-07.05:52:26::SCWMssOS::Copying to export directory.
TRACE::2023-12-07.05:52:26::SCWMssOS:: Checking if to create the Supporting Applications
TRACE::2023-12-07.05:52:26::SCWMssOS:: No Linux domain exists, trying to generate FSBL 
LOG::2023-12-07.05:52:26::SCWSystem::Completed Processing the domain standalone_microblaze_0
LOG::2023-12-07.05:52:26::SCWSystem::Completed Processing the sysconfig top_level_1
LOG::2023-12-07.05:52:26::SCWPlatform::Completed generating the artifacts for system configuration top_level_1
TRACE::2023-12-07.05:52:26::SCWPlatform::Started preparing the platform 
TRACE::2023-12-07.05:52:26::SCWSystem::Writing the bif file for system config top_level_1
TRACE::2023-12-07.05:52:26::SCWSystem::dir created 
TRACE::2023-12-07.05:52:26::SCWSystem::Writing the bif 
TRACE::2023-12-07.05:52:26::SCWPlatform::Started writing the spfm file 
TRACE::2023-12-07.05:52:26::SCWPlatform::Started writing the xpfm file 
TRACE::2023-12-07.05:52:26::SCWPlatform::Completed generating the platform
TRACE::2023-12-07.05:52:26::SCWMssOS::Saving the mss changes C:/Users/shivg/Desktop/ece385/final_project/vitis_workspace/top_level_1/microblaze_0/standalone_microblaze_0/bsp/system.mss
TRACE::2023-12-07.05:52:26::SCWMssOS::Found a swdesign opened with the mssfile.
TRACE::2023-12-07.05:52:26::SCWMssOS::Completed writemss as part of save.
TRACE::2023-12-07.05:52:26::SCWMssOS::Commit changes completed.
TRACE::2023-12-07.05:52:26::SCWPlatform::Trying to open the hw design at C:/Users/shivg/Desktop/ece385/final_project/vitis_workspace/top_level_1/hw/top_level.xsa
TRACE::2023-12-07.05:52:26::SCWPlatform::DSA given C:/Users/shivg/Desktop/ece385/final_project/vitis_workspace/top_level_1/hw/top_level.xsa
TRACE::2023-12-07.05:52:26::SCWPlatform::DSA absoulate path C:/Users/shivg/Desktop/ece385/final_project/vitis_workspace/top_level_1/hw/top_level.xsa
TRACE::2023-12-07.05:52:26::SCWPlatform::DSA directory C:/Users/shivg/Desktop/ece385/final_project/vitis_workspace/top_level_1/hw
TRACE::2023-12-07.05:52:26::SCWPlatform:: Platform Path C:/Users/shivg/Desktop/ece385/final_project/vitis_workspace/top_level_1/hw/top_level.xsa
TRACE::2023-12-07.05:52:26::SCWPlatform:: Unique name xilinx:::0.0
TRACE::2023-12-07.05:52:26::SCWPlatform::Trying to set the existing hwdb with name top_level_1
TRACE::2023-12-07.05:52:26::SCWPlatform::Opened existing hwdb top_level_1
TRACE::2023-12-07.05:52:26::SCWPlatform::Found the Hw Db part of the input DSA
TRACE::2023-12-07.05:52:26::SCWMssOS::Checking the sw design at  C:/Users/shivg/Desktop/ece385/final_project/vitis_workspace/top_level_1/microblaze_0/standalone_microblaze_0/bsp/system.mss
TRACE::2023-12-07.05:52:26::SCWMssOS::DEBUG:  swdes dump  C:/Users/shivg/Desktop/ece385/final_project/vitis_workspace/top_level/microblaze_0/standalone_microblaze_0/bsp/system.mss|system||
C:/Users/shivg/Desktop/ece385/final_project/vitis_workspace/top_level_1/microblaze_0/standalone_microblaze_0/bsp/system.mss|system_0||

TRACE::2023-12-07.05:52:26::SCWMssOS::Sw design exists and opened at  C:/Users/shivg/Desktop/ece385/final_project/vitis_workspace/top_level_1/microblaze_0/standalone_microblaze_0/bsp/system.mss
TRACE::2023-12-07.05:52:26::SCWPlatform::Trying to open the hw design at C:/Users/shivg/Desktop/ece385/final_project/vitis_workspace/top_level_1/hw/top_level.xsa
TRACE::2023-12-07.05:52:26::SCWPlatform::DSA given C:/Users/shivg/Desktop/ece385/final_project/vitis_workspace/top_level_1/hw/top_level.xsa
TRACE::2023-12-07.05:52:26::SCWPlatform::DSA absoulate path C:/Users/shivg/Desktop/ece385/final_project/vitis_workspace/top_level_1/hw/top_level.xsa
TRACE::2023-12-07.05:52:26::SCWPlatform::DSA directory C:/Users/shivg/Desktop/ece385/final_project/vitis_workspace/top_level_1/hw
TRACE::2023-12-07.05:52:26::SCWPlatform:: Platform Path C:/Users/shivg/Desktop/ece385/final_project/vitis_workspace/top_level_1/hw/top_level.xsa
TRACE::2023-12-07.05:52:26::SCWPlatform:: Unique name xilinx:::0.0
TRACE::2023-12-07.05:52:26::SCWPlatform::Trying to set the existing hwdb with name top_level_1
TRACE::2023-12-07.05:52:26::SCWPlatform::Opened existing hwdb top_level_1
TRACE::2023-12-07.05:52:26::SCWPlatform::Found the Hw Db part of the input DSA
TRACE::2023-12-07.05:52:26::SCWMssOS::Checking the sw design at  C:/Users/shivg/Desktop/ece385/final_project/vitis_workspace/top_level_1/microblaze_0/standalone_microblaze_0/bsp/system.mss
TRACE::2023-12-07.05:52:26::SCWMssOS::DEBUG:  swdes dump  C:/Users/shivg/Desktop/ece385/final_project/vitis_workspace/top_level/microblaze_0/standalone_microblaze_0/bsp/system.mss|system||
C:/Users/shivg/Desktop/ece385/final_project/vitis_workspace/top_level_1/microblaze_0/standalone_microblaze_0/bsp/system.mss|system_0||

TRACE::2023-12-07.05:52:26::SCWMssOS::Sw design exists and opened at  C:/Users/shivg/Desktop/ece385/final_project/vitis_workspace/top_level_1/microblaze_0/standalone_microblaze_0/bsp/system.mss
TRACE::2023-12-07.05:52:26::SCWPlatform::Trying to open the hw design at C:/Users/shivg/Desktop/ece385/final_project/vitis_workspace/top_level_1/hw/top_level.xsa
TRACE::2023-12-07.05:52:26::SCWPlatform::DSA given C:/Users/shivg/Desktop/ece385/final_project/vitis_workspace/top_level_1/hw/top_level.xsa
TRACE::2023-12-07.05:52:26::SCWPlatform::DSA absoulate path C:/Users/shivg/Desktop/ece385/final_project/vitis_workspace/top_level_1/hw/top_level.xsa
TRACE::2023-12-07.05:52:26::SCWPlatform::DSA directory C:/Users/shivg/Desktop/ece385/final_project/vitis_workspace/top_level_1/hw
TRACE::2023-12-07.05:52:26::SCWPlatform:: Platform Path C:/Users/shivg/Desktop/ece385/final_project/vitis_workspace/top_level_1/hw/top_level.xsa
TRACE::2023-12-07.05:52:26::SCWPlatform:: Unique name xilinx:::0.0
TRACE::2023-12-07.05:52:26::SCWPlatform::Trying to set the existing hwdb with name top_level_1
TRACE::2023-12-07.05:52:26::SCWPlatform::Opened existing hwdb top_level_1
TRACE::2023-12-07.05:52:26::SCWPlatform::Found the Hw Db part of the input DSA
TRACE::2023-12-07.05:52:26::SCWMssOS::Checking the sw design at  C:/Users/shivg/Desktop/ece385/final_project/vitis_workspace/top_level_1/microblaze_0/standalone_microblaze_0/bsp/system.mss
TRACE::2023-12-07.05:52:26::SCWMssOS::DEBUG:  swdes dump  C:/Users/shivg/Desktop/ece385/final_project/vitis_workspace/top_level/microblaze_0/standalone_microblaze_0/bsp/system.mss|system||
C:/Users/shivg/Desktop/ece385/final_project/vitis_workspace/top_level_1/microblaze_0/standalone_microblaze_0/bsp/system.mss|system_0||

TRACE::2023-12-07.05:52:26::SCWMssOS::Sw design exists and opened at  C:/Users/shivg/Desktop/ece385/final_project/vitis_workspace/top_level_1/microblaze_0/standalone_microblaze_0/bsp/system.mss
TRACE::2023-12-07.05:52:26::SCWWriter::formatted JSON is {
	"platformName":	"top_level_1",
	"sprVersion":	"2.0",
	"mode":	"gui",
	"dsaType":	"Fixed",
	"platformDesc":	"top_level_1",
	"platHandOff":	"C:/Users/shivg/Desktop/ece385/final_project/top_level.xsa",
	"platIntHandOff":	"<platformDir>/hw/top_level.xsa",
	"deviceType":	"FPGA",
	"platIsPrebuiltAutogen":	"false",
	"platIsNoBootBsp":	"false",
	"hasFsblMakeHasChanges":	"false",
	"hasPmufwMakeHasChanges":	"false",
	"platPreBuiltFlag":	false,
	"platformSamplesDir":	"",
	"platActiveSys":	"top_level_1",
	"systems":	[{
			"systemName":	"top_level_1",
			"systemDesc":	"top_level_1",
			"sysIsBootAutoGen":	"true",
			"systemDispName":	"top_level_1",
			"sysActiveDom":	"standalone_microblaze_0",
			"sysDefaultDom":	"standalone_microblaze_0",
			"domains":	[{
					"domainName":	"standalone_microblaze_0",
					"domainDispName":	"standalone_microblaze_0",
					"domainDesc":	"standalone_microblaze_0",
					"processors":	"microblaze_0",
					"os":	"standalone",
					"sdxOs":	"standalone",
					"debugEnable":	"False",
					"domRuntimes":	["cpp"],
					"swRepo":	"",
					"mssOsVer":	"8.0",
					"mssFile":	"",
					"md5Digest":	"3752c3e4b20231efec617e97b5e12cc4",
					"compatibleApp":	"hello_world",
					"domType":	"mssDomain",
					"arch":	"32-bit",
					"appSettings":	{
						"appCompilerFlags":	"",
						"appLinkerFlags":	""
					},
					"addedLibs":	[],
					"libOptions":	{
						"libsContainingOptions":	[]
					},
					"prebuiltLibs":	{
						"prebuiltIncPath":	[],
						"prebuiltLibPath":	[]
					},
					"isolation":	{
					}
				}]
		}]
}
KEYINFO::2023-12-07.05:52:26::SCWPlatform::updated the xpfm file.
TRACE::2023-12-07.05:52:26::SCWPlatform::Trying to open the hw design at C:/Users/shivg/Desktop/ece385/final_project/vitis_workspace/top_level_1/hw/top_level.xsa
TRACE::2023-12-07.05:52:26::SCWPlatform::DSA given C:/Users/shivg/Desktop/ece385/final_project/vitis_workspace/top_level_1/hw/top_level.xsa
TRACE::2023-12-07.05:52:26::SCWPlatform::DSA absoulate path C:/Users/shivg/Desktop/ece385/final_project/vitis_workspace/top_level_1/hw/top_level.xsa
TRACE::2023-12-07.05:52:26::SCWPlatform::DSA directory C:/Users/shivg/Desktop/ece385/final_project/vitis_workspace/top_level_1/hw
TRACE::2023-12-07.05:52:26::SCWPlatform:: Platform Path C:/Users/shivg/Desktop/ece385/final_project/vitis_workspace/top_level_1/hw/top_level.xsa
TRACE::2023-12-07.05:52:26::SCWPlatform:: Unique name xilinx:::0.0
TRACE::2023-12-07.05:52:26::SCWPlatform::Trying to set the existing hwdb with name top_level_1
TRACE::2023-12-07.05:52:26::SCWPlatform::Opened existing hwdb top_level_1
TRACE::2023-12-07.05:52:26::SCWPlatform::Found the Hw Db part of the input DSA
TRACE::2023-12-07.05:52:26::SCWMssOS::Checking the sw design at  C:/Users/shivg/Desktop/ece385/final_project/vitis_workspace/top_level_1/microblaze_0/standalone_microblaze_0/bsp/system.mss
TRACE::2023-12-07.05:52:26::SCWMssOS::DEBUG:  swdes dump  C:/Users/shivg/Desktop/ece385/final_project/vitis_workspace/top_level/microblaze_0/standalone_microblaze_0/bsp/system.mss|system||
C:/Users/shivg/Desktop/ece385/final_project/vitis_workspace/top_level_1/microblaze_0/standalone_microblaze_0/bsp/system.mss|system_0||

TRACE::2023-12-07.05:52:26::SCWMssOS::Sw design exists and opened at  C:/Users/shivg/Desktop/ece385/final_project/vitis_workspace/top_level_1/microblaze_0/standalone_microblaze_0/bsp/system.mss
TRACE::2023-12-07.05:52:26::SCWMssOS::Saving the mss changes C:/Users/shivg/Desktop/ece385/final_project/vitis_workspace/top_level_1/microblaze_0/standalone_microblaze_0/bsp/system.mss
TRACE::2023-12-07.05:52:26::SCWMssOS::Found a swdesign opened with the mssfile.
TRACE::2023-12-07.05:52:26::SCWMssOS::Completed writemss as part of save.
TRACE::2023-12-07.05:52:26::SCWMssOS::Commit changes completed.
TRACE::2023-12-07.05:52:26::SCWPlatform::Trying to open the hw design at C:/Users/shivg/Desktop/ece385/final_project/vitis_workspace/top_level_1/hw/top_level.xsa
TRACE::2023-12-07.05:52:26::SCWPlatform::DSA given C:/Users/shivg/Desktop/ece385/final_project/vitis_workspace/top_level_1/hw/top_level.xsa
TRACE::2023-12-07.05:52:26::SCWPlatform::DSA absoulate path C:/Users/shivg/Desktop/ece385/final_project/vitis_workspace/top_level_1/hw/top_level.xsa
TRACE::2023-12-07.05:52:26::SCWPlatform::DSA directory C:/Users/shivg/Desktop/ece385/final_project/vitis_workspace/top_level_1/hw
TRACE::2023-12-07.05:52:26::SCWPlatform:: Platform Path C:/Users/shivg/Desktop/ece385/final_project/vitis_workspace/top_level_1/hw/top_level.xsa
TRACE::2023-12-07.05:52:26::SCWPlatform:: Unique name xilinx:::0.0
TRACE::2023-12-07.05:52:26::SCWPlatform::Trying to set the existing hwdb with name top_level_1
TRACE::2023-12-07.05:52:26::SCWPlatform::Opened existing hwdb top_level_1
TRACE::2023-12-07.05:52:26::SCWPlatform::Found the Hw Db part of the input DSA
TRACE::2023-12-07.05:52:26::SCWMssOS::Checking the sw design at  C:/Users/shivg/Desktop/ece385/final_project/vitis_workspace/top_level_1/microblaze_0/standalone_microblaze_0/bsp/system.mss
TRACE::2023-12-07.05:52:26::SCWMssOS::DEBUG:  swdes dump  C:/Users/shivg/Desktop/ece385/final_project/vitis_workspace/top_level/microblaze_0/standalone_microblaze_0/bsp/system.mss|system||
C:/Users/shivg/Desktop/ece385/final_project/vitis_workspace/top_level_1/microblaze_0/standalone_microblaze_0/bsp/system.mss|system_0||

TRACE::2023-12-07.05:52:26::SCWMssOS::Sw design exists and opened at  C:/Users/shivg/Desktop/ece385/final_project/vitis_workspace/top_level_1/microblaze_0/standalone_microblaze_0/bsp/system.mss
TRACE::2023-12-07.05:52:26::SCWPlatform::Trying to open the hw design at C:/Users/shivg/Desktop/ece385/final_project/vitis_workspace/top_level_1/hw/top_level.xsa
TRACE::2023-12-07.05:52:26::SCWPlatform::DSA given C:/Users/shivg/Desktop/ece385/final_project/vitis_workspace/top_level_1/hw/top_level.xsa
TRACE::2023-12-07.05:52:26::SCWPlatform::DSA absoulate path C:/Users/shivg/Desktop/ece385/final_project/vitis_workspace/top_level_1/hw/top_level.xsa
TRACE::2023-12-07.05:52:26::SCWPlatform::DSA directory C:/Users/shivg/Desktop/ece385/final_project/vitis_workspace/top_level_1/hw
TRACE::2023-12-07.05:52:26::SCWPlatform:: Platform Path C:/Users/shivg/Desktop/ece385/final_project/vitis_workspace/top_level_1/hw/top_level.xsa
TRACE::2023-12-07.05:52:26::SCWPlatform:: Unique name xilinx:::0.0
TRACE::2023-12-07.05:52:26::SCWPlatform::Trying to set the existing hwdb with name top_level_1
TRACE::2023-12-07.05:52:26::SCWPlatform::Opened existing hwdb top_level_1
TRACE::2023-12-07.05:52:26::SCWPlatform::Found the Hw Db part of the input DSA
TRACE::2023-12-07.05:52:26::SCWMssOS::Checking the sw design at  C:/Users/shivg/Desktop/ece385/final_project/vitis_workspace/top_level_1/microblaze_0/standalone_microblaze_0/bsp/system.mss
TRACE::2023-12-07.05:52:26::SCWMssOS::DEBUG:  swdes dump  C:/Users/shivg/Desktop/ece385/final_project/vitis_workspace/top_level/microblaze_0/standalone_microblaze_0/bsp/system.mss|system||
C:/Users/shivg/Desktop/ece385/final_project/vitis_workspace/top_level_1/microblaze_0/standalone_microblaze_0/bsp/system.mss|system_0||

TRACE::2023-12-07.05:52:26::SCWMssOS::Sw design exists and opened at  C:/Users/shivg/Desktop/ece385/final_project/vitis_workspace/top_level_1/microblaze_0/standalone_microblaze_0/bsp/system.mss
TRACE::2023-12-07.05:52:26::SCWPlatform::Trying to open the hw design at C:/Users/shivg/Desktop/ece385/final_project/vitis_workspace/top_level_1/hw/top_level.xsa
TRACE::2023-12-07.05:52:26::SCWPlatform::DSA given C:/Users/shivg/Desktop/ece385/final_project/vitis_workspace/top_level_1/hw/top_level.xsa
TRACE::2023-12-07.05:52:26::SCWPlatform::DSA absoulate path C:/Users/shivg/Desktop/ece385/final_project/vitis_workspace/top_level_1/hw/top_level.xsa
TRACE::2023-12-07.05:52:26::SCWPlatform::DSA directory C:/Users/shivg/Desktop/ece385/final_project/vitis_workspace/top_level_1/hw
TRACE::2023-12-07.05:52:26::SCWPlatform:: Platform Path C:/Users/shivg/Desktop/ece385/final_project/vitis_workspace/top_level_1/hw/top_level.xsa
TRACE::2023-12-07.05:52:26::SCWPlatform:: Unique name xilinx:::0.0
TRACE::2023-12-07.05:52:26::SCWPlatform::Trying to set the existing hwdb with name top_level_1
TRACE::2023-12-07.05:52:26::SCWPlatform::Opened existing hwdb top_level_1
TRACE::2023-12-07.05:52:26::SCWPlatform::Found the Hw Db part of the input DSA
TRACE::2023-12-07.05:52:26::SCWMssOS::Checking the sw design at  C:/Users/shivg/Desktop/ece385/final_project/vitis_workspace/top_level_1/microblaze_0/standalone_microblaze_0/bsp/system.mss
TRACE::2023-12-07.05:52:26::SCWMssOS::DEBUG:  swdes dump  C:/Users/shivg/Desktop/ece385/final_project/vitis_workspace/top_level/microblaze_0/standalone_microblaze_0/bsp/system.mss|system||
C:/Users/shivg/Desktop/ece385/final_project/vitis_workspace/top_level_1/microblaze_0/standalone_microblaze_0/bsp/system.mss|system_0||

TRACE::2023-12-07.05:52:26::SCWMssOS::Sw design exists and opened at  C:/Users/shivg/Desktop/ece385/final_project/vitis_workspace/top_level_1/microblaze_0/standalone_microblaze_0/bsp/system.mss
TRACE::2023-12-07.05:52:26::SCWWriter::formatted JSON is {
	"platformName":	"top_level_1",
	"sprVersion":	"2.0",
	"mode":	"gui",
	"dsaType":	"Fixed",
	"platformDesc":	"top_level_1",
	"platHandOff":	"C:/Users/shivg/Desktop/ece385/final_project/top_level.xsa",
	"platIntHandOff":	"<platformDir>/hw/top_level.xsa",
	"deviceType":	"FPGA",
	"platIsPrebuiltAutogen":	"false",
	"platIsNoBootBsp":	"false",
	"hasFsblMakeHasChanges":	"false",
	"hasPmufwMakeHasChanges":	"false",
	"platPreBuiltFlag":	false,
	"platformSamplesDir":	"",
	"platActiveSys":	"top_level_1",
	"systems":	[{
			"systemName":	"top_level_1",
			"systemDesc":	"top_level_1",
			"sysIsBootAutoGen":	"true",
			"systemDispName":	"top_level_1",
			"sysActiveDom":	"standalone_microblaze_0",
			"sysDefaultDom":	"standalone_microblaze_0",
			"domains":	[{
					"domainName":	"standalone_microblaze_0",
					"domainDispName":	"standalone_microblaze_0",
					"domainDesc":	"standalone_microblaze_0",
					"processors":	"microblaze_0",
					"os":	"standalone",
					"sdxOs":	"standalone",
					"debugEnable":	"False",
					"domRuntimes":	["cpp"],
					"swRepo":	"",
					"mssOsVer":	"8.0",
					"mssFile":	"",
					"md5Digest":	"3752c3e4b20231efec617e97b5e12cc4",
					"compatibleApp":	"hello_world",
					"domType":	"mssDomain",
					"arch":	"32-bit",
					"appSettings":	{
						"appCompilerFlags":	"",
						"appLinkerFlags":	""
					},
					"addedLibs":	[],
					"libOptions":	{
						"libsContainingOptions":	[]
					},
					"prebuiltLibs":	{
						"prebuiltIncPath":	[],
						"prebuiltLibPath":	[]
					},
					"isolation":	{
					}
				}]
		}]
}
TRACE::2023-12-07.05:52:26::SCWPlatform::Trying to open the hw design at C:/Users/shivg/Desktop/ece385/final_project/vitis_workspace/top_level_1/hw/top_level.xsa
TRACE::2023-12-07.05:52:26::SCWPlatform::DSA given C:/Users/shivg/Desktop/ece385/final_project/vitis_workspace/top_level_1/hw/top_level.xsa
TRACE::2023-12-07.05:52:26::SCWPlatform::DSA absoulate path C:/Users/shivg/Desktop/ece385/final_project/vitis_workspace/top_level_1/hw/top_level.xsa
TRACE::2023-12-07.05:52:26::SCWPlatform::DSA directory C:/Users/shivg/Desktop/ece385/final_project/vitis_workspace/top_level_1/hw
TRACE::2023-12-07.05:52:26::SCWPlatform:: Platform Path C:/Users/shivg/Desktop/ece385/final_project/vitis_workspace/top_level_1/hw/top_level.xsa
TRACE::2023-12-07.05:52:26::SCWPlatform:: Unique name xilinx:::0.0
TRACE::2023-12-07.05:52:26::SCWPlatform::Trying to set the existing hwdb with name top_level_1
TRACE::2023-12-07.05:52:26::SCWPlatform::Opened existing hwdb top_level_1
TRACE::2023-12-07.05:52:26::SCWPlatform::Found the Hw Db part of the input DSA
TRACE::2023-12-07.05:52:26::SCWMssOS::Checking the sw design at  C:/Users/shivg/Desktop/ece385/final_project/vitis_workspace/top_level_1/microblaze_0/standalone_microblaze_0/bsp/system.mss
TRACE::2023-12-07.05:52:26::SCWMssOS::DEBUG:  swdes dump  C:/Users/shivg/Desktop/ece385/final_project/vitis_workspace/top_level/microblaze_0/standalone_microblaze_0/bsp/system.mss|system||
C:/Users/shivg/Desktop/ece385/final_project/vitis_workspace/top_level_1/microblaze_0/standalone_microblaze_0/bsp/system.mss|system_0||

TRACE::2023-12-07.05:52:26::SCWMssOS::Sw design exists and opened at  C:/Users/shivg/Desktop/ece385/final_project/vitis_workspace/top_level_1/microblaze_0/standalone_microblaze_0/bsp/system.mss
TRACE::2023-12-07.05:52:26::SCWPlatform::Trying to open the hw design at C:/Users/shivg/Desktop/ece385/final_project/vitis_workspace/top_level_1/hw/top_level.xsa
TRACE::2023-12-07.05:52:26::SCWPlatform::DSA given C:/Users/shivg/Desktop/ece385/final_project/vitis_workspace/top_level_1/hw/top_level.xsa
TRACE::2023-12-07.05:52:26::SCWPlatform::DSA absoulate path C:/Users/shivg/Desktop/ece385/final_project/vitis_workspace/top_level_1/hw/top_level.xsa
TRACE::2023-12-07.05:52:26::SCWPlatform::DSA directory C:/Users/shivg/Desktop/ece385/final_project/vitis_workspace/top_level_1/hw
TRACE::2023-12-07.05:52:26::SCWPlatform:: Platform Path C:/Users/shivg/Desktop/ece385/final_project/vitis_workspace/top_level_1/hw/top_level.xsa
TRACE::2023-12-07.05:52:26::SCWPlatform:: Unique name xilinx:::0.0
TRACE::2023-12-07.05:52:26::SCWPlatform::Trying to set the existing hwdb with name top_level_1
TRACE::2023-12-07.05:52:26::SCWPlatform::Opened existing hwdb top_level_1
TRACE::2023-12-07.05:52:26::SCWPlatform::Found the Hw Db part of the input DSA
TRACE::2023-12-07.05:52:26::SCWMssOS::Checking the sw design at  C:/Users/shivg/Desktop/ece385/final_project/vitis_workspace/top_level_1/microblaze_0/standalone_microblaze_0/bsp/system.mss
TRACE::2023-12-07.05:52:26::SCWMssOS::DEBUG:  swdes dump  C:/Users/shivg/Desktop/ece385/final_project/vitis_workspace/top_level/microblaze_0/standalone_microblaze_0/bsp/system.mss|system||
C:/Users/shivg/Desktop/ece385/final_project/vitis_workspace/top_level_1/microblaze_0/standalone_microblaze_0/bsp/system.mss|system_0||

TRACE::2023-12-07.05:52:26::SCWMssOS::Sw design exists and opened at  C:/Users/shivg/Desktop/ece385/final_project/vitis_workspace/top_level_1/microblaze_0/standalone_microblaze_0/bsp/system.mss
TRACE::2023-12-07.05:52:26::SCWMssOS::Saving the mss changes C:/Users/shivg/Desktop/ece385/final_project/vitis_workspace/top_level_1/microblaze_0/standalone_microblaze_0/bsp/system.mss
TRACE::2023-12-07.05:52:26::SCWMssOS::Found a swdesign opened with the mssfile.
TRACE::2023-12-07.05:52:26::SCWMssOS::Completed writemss as part of save.
TRACE::2023-12-07.05:52:26::SCWMssOS::Commit changes completed.
TRACE::2023-12-07.05:52:26::SCWPlatform::Trying to open the hw design at C:/Users/shivg/Desktop/ece385/final_project/vitis_workspace/top_level_1/hw/top_level.xsa
TRACE::2023-12-07.05:52:26::SCWPlatform::DSA given C:/Users/shivg/Desktop/ece385/final_project/vitis_workspace/top_level_1/hw/top_level.xsa
TRACE::2023-12-07.05:52:26::SCWPlatform::DSA absoulate path C:/Users/shivg/Desktop/ece385/final_project/vitis_workspace/top_level_1/hw/top_level.xsa
TRACE::2023-12-07.05:52:26::SCWPlatform::DSA directory C:/Users/shivg/Desktop/ece385/final_project/vitis_workspace/top_level_1/hw
TRACE::2023-12-07.05:52:26::SCWPlatform:: Platform Path C:/Users/shivg/Desktop/ece385/final_project/vitis_workspace/top_level_1/hw/top_level.xsa
TRACE::2023-12-07.05:52:26::SCWPlatform:: Unique name xilinx:::0.0
TRACE::2023-12-07.05:52:26::SCWPlatform::Trying to set the existing hwdb with name top_level_1
TRACE::2023-12-07.05:52:26::SCWPlatform::Opened existing hwdb top_level_1
TRACE::2023-12-07.05:52:26::SCWPlatform::Found the Hw Db part of the input DSA
TRACE::2023-12-07.05:52:26::SCWMssOS::Checking the sw design at  C:/Users/shivg/Desktop/ece385/final_project/vitis_workspace/top_level_1/microblaze_0/standalone_microblaze_0/bsp/system.mss
TRACE::2023-12-07.05:52:26::SCWMssOS::DEBUG:  swdes dump  C:/Users/shivg/Desktop/ece385/final_project/vitis_workspace/top_level/microblaze_0/standalone_microblaze_0/bsp/system.mss|system||
C:/Users/shivg/Desktop/ece385/final_project/vitis_workspace/top_level_1/microblaze_0/standalone_microblaze_0/bsp/system.mss|system_0||

TRACE::2023-12-07.05:52:26::SCWMssOS::Sw design exists and opened at  C:/Users/shivg/Desktop/ece385/final_project/vitis_workspace/top_level_1/microblaze_0/standalone_microblaze_0/bsp/system.mss
TRACE::2023-12-07.05:52:26::SCWPlatform::Trying to open the hw design at C:/Users/shivg/Desktop/ece385/final_project/vitis_workspace/top_level_1/hw/top_level.xsa
TRACE::2023-12-07.05:52:26::SCWPlatform::DSA given C:/Users/shivg/Desktop/ece385/final_project/vitis_workspace/top_level_1/hw/top_level.xsa
TRACE::2023-12-07.05:52:26::SCWPlatform::DSA absoulate path C:/Users/shivg/Desktop/ece385/final_project/vitis_workspace/top_level_1/hw/top_level.xsa
TRACE::2023-12-07.05:52:26::SCWPlatform::DSA directory C:/Users/shivg/Desktop/ece385/final_project/vitis_workspace/top_level_1/hw
TRACE::2023-12-07.05:52:26::SCWPlatform:: Platform Path C:/Users/shivg/Desktop/ece385/final_project/vitis_workspace/top_level_1/hw/top_level.xsa
TRACE::2023-12-07.05:52:26::SCWPlatform:: Unique name xilinx:::0.0
TRACE::2023-12-07.05:52:26::SCWPlatform::Trying to set the existing hwdb with name top_level_1
TRACE::2023-12-07.05:52:26::SCWPlatform::Opened existing hwdb top_level_1
TRACE::2023-12-07.05:52:26::SCWPlatform::Found the Hw Db part of the input DSA
TRACE::2023-12-07.05:52:26::SCWMssOS::Checking the sw design at  C:/Users/shivg/Desktop/ece385/final_project/vitis_workspace/top_level_1/microblaze_0/standalone_microblaze_0/bsp/system.mss
TRACE::2023-12-07.05:52:26::SCWMssOS::DEBUG:  swdes dump  C:/Users/shivg/Desktop/ece385/final_project/vitis_workspace/top_level/microblaze_0/standalone_microblaze_0/bsp/system.mss|system||
C:/Users/shivg/Desktop/ece385/final_project/vitis_workspace/top_level_1/microblaze_0/standalone_microblaze_0/bsp/system.mss|system_0||

TRACE::2023-12-07.05:52:26::SCWMssOS::Sw design exists and opened at  C:/Users/shivg/Desktop/ece385/final_project/vitis_workspace/top_level_1/microblaze_0/standalone_microblaze_0/bsp/system.mss
TRACE::2023-12-07.05:52:26::SCWPlatform::Trying to open the hw design at C:/Users/shivg/Desktop/ece385/final_project/vitis_workspace/top_level_1/hw/top_level.xsa
TRACE::2023-12-07.05:52:26::SCWPlatform::DSA given C:/Users/shivg/Desktop/ece385/final_project/vitis_workspace/top_level_1/hw/top_level.xsa
TRACE::2023-12-07.05:52:26::SCWPlatform::DSA absoulate path C:/Users/shivg/Desktop/ece385/final_project/vitis_workspace/top_level_1/hw/top_level.xsa
TRACE::2023-12-07.05:52:26::SCWPlatform::DSA directory C:/Users/shivg/Desktop/ece385/final_project/vitis_workspace/top_level_1/hw
TRACE::2023-12-07.05:52:26::SCWPlatform:: Platform Path C:/Users/shivg/Desktop/ece385/final_project/vitis_workspace/top_level_1/hw/top_level.xsa
TRACE::2023-12-07.05:52:26::SCWPlatform:: Unique name xilinx:::0.0
TRACE::2023-12-07.05:52:26::SCWPlatform::Trying to set the existing hwdb with name top_level_1
TRACE::2023-12-07.05:52:26::SCWPlatform::Opened existing hwdb top_level_1
TRACE::2023-12-07.05:52:26::SCWPlatform::Found the Hw Db part of the input DSA
TRACE::2023-12-07.05:52:26::SCWMssOS::Checking the sw design at  C:/Users/shivg/Desktop/ece385/final_project/vitis_workspace/top_level_1/microblaze_0/standalone_microblaze_0/bsp/system.mss
TRACE::2023-12-07.05:52:26::SCWMssOS::DEBUG:  swdes dump  C:/Users/shivg/Desktop/ece385/final_project/vitis_workspace/top_level/microblaze_0/standalone_microblaze_0/bsp/system.mss|system||
C:/Users/shivg/Desktop/ece385/final_project/vitis_workspace/top_level_1/microblaze_0/standalone_microblaze_0/bsp/system.mss|system_0||

TRACE::2023-12-07.05:52:26::SCWMssOS::Sw design exists and opened at  C:/Users/shivg/Desktop/ece385/final_project/vitis_workspace/top_level_1/microblaze_0/standalone_microblaze_0/bsp/system.mss
TRACE::2023-12-07.05:52:26::SCWWriter::formatted JSON is {
	"platformName":	"top_level_1",
	"sprVersion":	"2.0",
	"mode":	"gui",
	"dsaType":	"Fixed",
	"platformDesc":	"top_level_1",
	"platHandOff":	"C:/Users/shivg/Desktop/ece385/final_project/top_level.xsa",
	"platIntHandOff":	"<platformDir>/hw/top_level.xsa",
	"deviceType":	"FPGA",
	"platIsPrebuiltAutogen":	"false",
	"platIsNoBootBsp":	"false",
	"hasFsblMakeHasChanges":	"false",
	"hasPmufwMakeHasChanges":	"false",
	"platPreBuiltFlag":	false,
	"platformSamplesDir":	"",
	"platActiveSys":	"top_level_1",
	"systems":	[{
			"systemName":	"top_level_1",
			"systemDesc":	"top_level_1",
			"sysIsBootAutoGen":	"true",
			"systemDispName":	"top_level_1",
			"sysActiveDom":	"standalone_microblaze_0",
			"sysDefaultDom":	"standalone_microblaze_0",
			"domains":	[{
					"domainName":	"standalone_microblaze_0",
					"domainDispName":	"standalone_microblaze_0",
					"domainDesc":	"standalone_microblaze_0",
					"processors":	"microblaze_0",
					"os":	"standalone",
					"sdxOs":	"standalone",
					"debugEnable":	"False",
					"domRuntimes":	["cpp"],
					"swRepo":	"",
					"mssOsVer":	"8.0",
					"mssFile":	"",
					"md5Digest":	"3752c3e4b20231efec617e97b5e12cc4",
					"compatibleApp":	"hello_world",
					"domType":	"mssDomain",
					"arch":	"32-bit",
					"appSettings":	{
						"appCompilerFlags":	"",
						"appLinkerFlags":	""
					},
					"addedLibs":	[],
					"libOptions":	{
						"libsContainingOptions":	[]
					},
					"prebuiltLibs":	{
						"prebuiltIncPath":	[],
						"prebuiltLibPath":	[]
					},
					"isolation":	{
					}
				}]
		}]
}
LOG::2023-12-07.05:52:26::SCWPlatform::Started generating the artifacts platform top_level_1
TRACE::2023-12-07.05:52:26::SCWPlatform::Sanity checking of platform is completed
LOG::2023-12-07.05:52:26::SCWPlatform::Started generating the artifacts for system configuration top_level_1
LOG::2023-12-07.05:52:26::SCWSystem::Started Processing the domain standalone_microblaze_0
TRACE::2023-12-07.05:52:26::SCWDomain::Generating domain artifcats
TRACE::2023-12-07.05:52:26::SCWMssOS::Generating standalone artifcats
TRACE::2023-12-07.05:52:26::SCWMssOS:: Copying the user libraries. 
TRACE::2023-12-07.05:52:26::SCWPlatform::Trying to open the hw design at C:/Users/shivg/Desktop/ece385/final_project/vitis_workspace/top_level_1/hw/top_level.xsa
TRACE::2023-12-07.05:52:26::SCWPlatform::DSA given C:/Users/shivg/Desktop/ece385/final_project/vitis_workspace/top_level_1/hw/top_level.xsa
TRACE::2023-12-07.05:52:26::SCWPlatform::DSA absoulate path C:/Users/shivg/Desktop/ece385/final_project/vitis_workspace/top_level_1/hw/top_level.xsa
TRACE::2023-12-07.05:52:26::SCWPlatform::DSA directory C:/Users/shivg/Desktop/ece385/final_project/vitis_workspace/top_level_1/hw
TRACE::2023-12-07.05:52:26::SCWPlatform:: Platform Path C:/Users/shivg/Desktop/ece385/final_project/vitis_workspace/top_level_1/hw/top_level.xsa
TRACE::2023-12-07.05:52:26::SCWPlatform:: Unique name xilinx:::0.0
TRACE::2023-12-07.05:52:26::SCWPlatform::Trying to set the existing hwdb with name top_level_1
TRACE::2023-12-07.05:52:26::SCWPlatform::Opened existing hwdb top_level_1
TRACE::2023-12-07.05:52:26::SCWPlatform::Found the Hw Db part of the input DSA
TRACE::2023-12-07.05:52:26::SCWMssOS::Checking the sw design at  C:/Users/shivg/Desktop/ece385/final_project/vitis_workspace/top_level_1/microblaze_0/standalone_microblaze_0/bsp/system.mss
TRACE::2023-12-07.05:52:26::SCWMssOS::DEBUG:  swdes dump  C:/Users/shivg/Desktop/ece385/final_project/vitis_workspace/top_level/microblaze_0/standalone_microblaze_0/bsp/system.mss|system||
C:/Users/shivg/Desktop/ece385/final_project/vitis_workspace/top_level_1/microblaze_0/standalone_microblaze_0/bsp/system.mss|system_0||

TRACE::2023-12-07.05:52:26::SCWMssOS::Sw design exists and opened at  C:/Users/shivg/Desktop/ece385/final_project/vitis_workspace/top_level_1/microblaze_0/standalone_microblaze_0/bsp/system.mss
TRACE::2023-12-07.05:52:26::SCWMssOS::Completed writing the mss file at C:/Users/shivg/Desktop/ece385/final_project/vitis_workspace/top_level_1/microblaze_0/standalone_microblaze_0/bsp
TRACE::2023-12-07.05:52:26::SCWMssOS::Mss edits present, copying mssfile into export location C:/Users/shivg/Desktop/ece385/final_project/vitis_workspace/top_level_1/microblaze_0/standalone_microblaze_0/bsp/system.mss
TRACE::2023-12-07.05:52:26::SCWMssOS::bsp generated is upto date with the mss file. Skipping bsp generation.
TRACE::2023-12-07.05:52:26::SCWMssOS::BSP is already built. skipping the bsp build ... 
TRACE::2023-12-07.05:52:26::SCWDomain::Building the domain as part of full build :  standalone_microblaze_0
TRACE::2023-12-07.05:52:26::SCWMssOS::skipping the bsp build ... 
TRACE::2023-12-07.05:52:26::SCWMssOS::Copying to export directory.
TRACE::2023-12-07.05:52:26::SCWMssOS:: Checking if to create the Supporting Applications
TRACE::2023-12-07.05:52:26::SCWMssOS:: No Linux domain exists, trying to generate FSBL 
LOG::2023-12-07.05:52:26::SCWSystem::Completed Processing the domain standalone_microblaze_0
LOG::2023-12-07.05:52:26::SCWSystem::Completed Processing the sysconfig top_level_1
LOG::2023-12-07.05:52:26::SCWPlatform::Completed generating the artifacts for system configuration top_level_1
TRACE::2023-12-07.05:52:26::SCWPlatform::Started preparing the platform 
TRACE::2023-12-07.05:52:26::SCWSystem::Writing the bif file for system config top_level_1
TRACE::2023-12-07.05:52:26::SCWSystem::dir created 
TRACE::2023-12-07.05:52:26::SCWSystem::Writing the bif 
TRACE::2023-12-07.05:52:26::SCWPlatform::Started writing the spfm file 
TRACE::2023-12-07.05:52:26::SCWPlatform::Started writing the xpfm file 
TRACE::2023-12-07.05:52:26::SCWPlatform::Completed generating the platform
TRACE::2023-12-07.05:52:26::SCWMssOS::Saving the mss changes C:/Users/shivg/Desktop/ece385/final_project/vitis_workspace/top_level_1/microblaze_0/standalone_microblaze_0/bsp/system.mss
TRACE::2023-12-07.05:52:26::SCWMssOS::Found a swdesign opened with the mssfile.
TRACE::2023-12-07.05:52:26::SCWMssOS::Completed writemss as part of save.
TRACE::2023-12-07.05:52:26::SCWMssOS::Commit changes completed.
TRACE::2023-12-07.05:52:26::SCWPlatform::Trying to open the hw design at C:/Users/shivg/Desktop/ece385/final_project/vitis_workspace/top_level_1/hw/top_level.xsa
TRACE::2023-12-07.05:52:26::SCWPlatform::DSA given C:/Users/shivg/Desktop/ece385/final_project/vitis_workspace/top_level_1/hw/top_level.xsa
TRACE::2023-12-07.05:52:26::SCWPlatform::DSA absoulate path C:/Users/shivg/Desktop/ece385/final_project/vitis_workspace/top_level_1/hw/top_level.xsa
TRACE::2023-12-07.05:52:26::SCWPlatform::DSA directory C:/Users/shivg/Desktop/ece385/final_project/vitis_workspace/top_level_1/hw
TRACE::2023-12-07.05:52:26::SCWPlatform:: Platform Path C:/Users/shivg/Desktop/ece385/final_project/vitis_workspace/top_level_1/hw/top_level.xsa
TRACE::2023-12-07.05:52:26::SCWPlatform:: Unique name xilinx:::0.0
TRACE::2023-12-07.05:52:26::SCWPlatform::Trying to set the existing hwdb with name top_level_1
TRACE::2023-12-07.05:52:26::SCWPlatform::Opened existing hwdb top_level_1
TRACE::2023-12-07.05:52:26::SCWPlatform::Found the Hw Db part of the input DSA
TRACE::2023-12-07.05:52:26::SCWMssOS::Checking the sw design at  C:/Users/shivg/Desktop/ece385/final_project/vitis_workspace/top_level_1/microblaze_0/standalone_microblaze_0/bsp/system.mss
TRACE::2023-12-07.05:52:26::SCWMssOS::DEBUG:  swdes dump  C:/Users/shivg/Desktop/ece385/final_project/vitis_workspace/top_level/microblaze_0/standalone_microblaze_0/bsp/system.mss|system||
C:/Users/shivg/Desktop/ece385/final_project/vitis_workspace/top_level_1/microblaze_0/standalone_microblaze_0/bsp/system.mss|system_0||

TRACE::2023-12-07.05:52:26::SCWMssOS::Sw design exists and opened at  C:/Users/shivg/Desktop/ece385/final_project/vitis_workspace/top_level_1/microblaze_0/standalone_microblaze_0/bsp/system.mss
TRACE::2023-12-07.05:52:26::SCWPlatform::Trying to open the hw design at C:/Users/shivg/Desktop/ece385/final_project/vitis_workspace/top_level_1/hw/top_level.xsa
TRACE::2023-12-07.05:52:26::SCWPlatform::DSA given C:/Users/shivg/Desktop/ece385/final_project/vitis_workspace/top_level_1/hw/top_level.xsa
TRACE::2023-12-07.05:52:26::SCWPlatform::DSA absoulate path C:/Users/shivg/Desktop/ece385/final_project/vitis_workspace/top_level_1/hw/top_level.xsa
TRACE::2023-12-07.05:52:26::SCWPlatform::DSA directory C:/Users/shivg/Desktop/ece385/final_project/vitis_workspace/top_level_1/hw
TRACE::2023-12-07.05:52:26::SCWPlatform:: Platform Path C:/Users/shivg/Desktop/ece385/final_project/vitis_workspace/top_level_1/hw/top_level.xsa
TRACE::2023-12-07.05:52:26::SCWPlatform:: Unique name xilinx:::0.0
TRACE::2023-12-07.05:52:26::SCWPlatform::Trying to set the existing hwdb with name top_level_1
TRACE::2023-12-07.05:52:26::SCWPlatform::Opened existing hwdb top_level_1
TRACE::2023-12-07.05:52:26::SCWPlatform::Found the Hw Db part of the input DSA
TRACE::2023-12-07.05:52:26::SCWMssOS::Checking the sw design at  C:/Users/shivg/Desktop/ece385/final_project/vitis_workspace/top_level_1/microblaze_0/standalone_microblaze_0/bsp/system.mss
TRACE::2023-12-07.05:52:26::SCWMssOS::DEBUG:  swdes dump  C:/Users/shivg/Desktop/ece385/final_project/vitis_workspace/top_level/microblaze_0/standalone_microblaze_0/bsp/system.mss|system||
C:/Users/shivg/Desktop/ece385/final_project/vitis_workspace/top_level_1/microblaze_0/standalone_microblaze_0/bsp/system.mss|system_0||

TRACE::2023-12-07.05:52:26::SCWMssOS::Sw design exists and opened at  C:/Users/shivg/Desktop/ece385/final_project/vitis_workspace/top_level_1/microblaze_0/standalone_microblaze_0/bsp/system.mss
TRACE::2023-12-07.05:52:26::SCWPlatform::Trying to open the hw design at C:/Users/shivg/Desktop/ece385/final_project/vitis_workspace/top_level_1/hw/top_level.xsa
TRACE::2023-12-07.05:52:26::SCWPlatform::DSA given C:/Users/shivg/Desktop/ece385/final_project/vitis_workspace/top_level_1/hw/top_level.xsa
TRACE::2023-12-07.05:52:26::SCWPlatform::DSA absoulate path C:/Users/shivg/Desktop/ece385/final_project/vitis_workspace/top_level_1/hw/top_level.xsa
TRACE::2023-12-07.05:52:26::SCWPlatform::DSA directory C:/Users/shivg/Desktop/ece385/final_project/vitis_workspace/top_level_1/hw
TRACE::2023-12-07.05:52:26::SCWPlatform:: Platform Path C:/Users/shivg/Desktop/ece385/final_project/vitis_workspace/top_level_1/hw/top_level.xsa
TRACE::2023-12-07.05:52:26::SCWPlatform:: Unique name xilinx:::0.0
TRACE::2023-12-07.05:52:26::SCWPlatform::Trying to set the existing hwdb with name top_level_1
TRACE::2023-12-07.05:52:26::SCWPlatform::Opened existing hwdb top_level_1
TRACE::2023-12-07.05:52:26::SCWPlatform::Found the Hw Db part of the input DSA
TRACE::2023-12-07.05:52:26::SCWMssOS::Checking the sw design at  C:/Users/shivg/Desktop/ece385/final_project/vitis_workspace/top_level_1/microblaze_0/standalone_microblaze_0/bsp/system.mss
TRACE::2023-12-07.05:52:26::SCWMssOS::DEBUG:  swdes dump  C:/Users/shivg/Desktop/ece385/final_project/vitis_workspace/top_level/microblaze_0/standalone_microblaze_0/bsp/system.mss|system||
C:/Users/shivg/Desktop/ece385/final_project/vitis_workspace/top_level_1/microblaze_0/standalone_microblaze_0/bsp/system.mss|system_0||

TRACE::2023-12-07.05:52:26::SCWMssOS::Sw design exists and opened at  C:/Users/shivg/Desktop/ece385/final_project/vitis_workspace/top_level_1/microblaze_0/standalone_microblaze_0/bsp/system.mss
TRACE::2023-12-07.05:52:26::SCWWriter::formatted JSON is {
	"platformName":	"top_level_1",
	"sprVersion":	"2.0",
	"mode":	"gui",
	"dsaType":	"Fixed",
	"platformDesc":	"top_level_1",
	"platHandOff":	"C:/Users/shivg/Desktop/ece385/final_project/top_level.xsa",
	"platIntHandOff":	"<platformDir>/hw/top_level.xsa",
	"deviceType":	"FPGA",
	"platIsPrebuiltAutogen":	"false",
	"platIsNoBootBsp":	"false",
	"hasFsblMakeHasChanges":	"false",
	"hasPmufwMakeHasChanges":	"false",
	"platPreBuiltFlag":	false,
	"platformSamplesDir":	"",
	"platActiveSys":	"top_level_1",
	"systems":	[{
			"systemName":	"top_level_1",
			"systemDesc":	"top_level_1",
			"sysIsBootAutoGen":	"true",
			"systemDispName":	"top_level_1",
			"sysActiveDom":	"standalone_microblaze_0",
			"sysDefaultDom":	"standalone_microblaze_0",
			"domains":	[{
					"domainName":	"standalone_microblaze_0",
					"domainDispName":	"standalone_microblaze_0",
					"domainDesc":	"standalone_microblaze_0",
					"processors":	"microblaze_0",
					"os":	"standalone",
					"sdxOs":	"standalone",
					"debugEnable":	"False",
					"domRuntimes":	["cpp"],
					"swRepo":	"",
					"mssOsVer":	"8.0",
					"mssFile":	"",
					"md5Digest":	"3752c3e4b20231efec617e97b5e12cc4",
					"compatibleApp":	"hello_world",
					"domType":	"mssDomain",
					"arch":	"32-bit",
					"appSettings":	{
						"appCompilerFlags":	"",
						"appLinkerFlags":	""
					},
					"addedLibs":	[],
					"libOptions":	{
						"libsContainingOptions":	[]
					},
					"prebuiltLibs":	{
						"prebuiltIncPath":	[],
						"prebuiltLibPath":	[]
					},
					"isolation":	{
					}
				}]
		}]
}
KEYINFO::2023-12-07.05:52:26::SCWPlatform::updated the xpfm file.
